-----------------------------------------------------------------------------------------------------
      name:  <unnamed>
       log:  /Users/nathan/Downloads/EstherJMP/ReplyToRoodman/Logs/PrepSusenas.log
  log type:  text
 opened on:   3 Apr 2025, 18:08:51

. 
. local data_source = "FullFour"

. 
end of do-file

. 
. use "RawData/susenas_`data_source'.dta", clear
file RawData/susenas_.dta not found
r(601);

. 
. keep if JK == 1 // men
JK not found
r(111);

. gen regy2010 = B5_TL1 * 100 + B5_TL2 // Each two digits
B5_TL1 not found
r(111);

. joinby regy2010 using "Concordances/SUPAS 1995-2010 regency concordance.dta", unmatched(master)
variable regy2010 not found
r(111);

. rename regy2010 birthpl_SUSENAS
variable regy2010 not found
r(111);

. 
. 
. 
. rename survey_year year
variable survey_year not found
r(111);

. gen birthyr = year - UMUR
year not found
r(111);

. rename weight wt
variable weight not found
r(111);

. rename HB relate
variable HB not found
r(111);

. rename regy1995shareinregy2010 birthpl_imputation_wt
variable regy1995shareinregy2010 not found
r(111);

. rename B5_TL1 birthprov
variable B5_TL1 not found
r(111);

. rename id1995a_bplreg birthpl
variable id1995a_bplreg not found
r(111);

. drop JK UMUR B5_TL2 _merge
variable JK not found
r(111);

. 
. 
. rename B5R15 school_attempted
variable B5R15 not found
r(111);

. rename B5R16 attempted_years 
variable B5R16 not found
r(111);

. rename B5R17 highest_diploma
variable B5R17 not found
r(111);

. rename B5R24B employed
variable B5R24B not found
r(111);

. rename B5R31 self_employed
variable B5R31 not found
r(111);

. 
. 
. * This is how we think Roodman meant to calculate years of schooling.

. generate years_schooling_base = school_attempted
school_attempted not found
r(111);

. recode years_schooling_base (1 2 3 = 0) (4 5 6 = 6) (7 8 9 10 = 9) (11 12 13 = 12) (14 = 16)
variable years_schooling_base not found
r(111);

. generate years_schooling_add = attempted_years - 1 if attempted_years >= 1
attempted_years not found
r(111);

. replace years_schooling_add = 0 if attempted_years == 0
variable years_schooling_add not found
r(111);

. replace years_schooling_add = 6 if inrange(school_attempted, 1, 3) & attempted_years == 8
variable years_schooling_add not found
r(111);

. replace years_schooling_add = 3 if (inrange(school_attempted, 4, 10) | school_attempted == 12 | sch
> ool_attempted == 13) & attempted_years == 8
variable years_schooling_add not found
r(111);

. replace years_schooling_add = 1 if school_attempted == 11 & attempted_years == 8
variable years_schooling_add not found
r(111);

. replace years_schooling_add = 0 if school_attempted == 14 & (attempted_years == 6 | attempted_years
>  == 7)
variable years_schooling_add not found
r(111);

. replace years_schooling_add = 2 if school_attempted == 14 & attempted_years == 8
variable years_schooling_add not found
r(111);

. generate years_schooling_correct = years_schooling_base + years_schooling_add
years_schooling_base not found
r(111);

. 
. drop years_schooling_base years_schooling_add
variable years_schooling_base not found
r(111);

. 
. * This is how Roodman calculates it in his original code

. gen school_attempted_Roodman = school_attempted
school_attempted not found
r(111);

. replace school_attempted_Roodman = 0 if missing(school_attempted) // He doesn't do this explicitly,
>  but somehow in what he stores in SQL all the missings are 0
variable school_attempted_Roodman not found
r(111);

. recode school_attempted_Roodman (1 2 3 = 0) (4 5 6 = 6) (7 8 9 10 = 9) (11 12 13 14 = 12), gen(year
> s_schooling)  // years of schooling *before* each schooling level
option / not allowed
r(198);

. mat completionyears = 6, 6, 6, 3, 3, 3, 3, 3, 3, 3, 3, 2, 3, 5  // max years in schooling levels; u
> sed when p518=8, meaning "completed"
5/ not found
r(111);

. replace years_schooling = years_schooling + cond(school_attempted_Roodman<8, school_attempted_Roodm
> an, completionyears[1, school_attempted_Roodman]) if school_attempted_Roodman>0
variable years_schooling not found
r(111);

. 
. rename years_schooling years_schooling_Roodman
variable years_schooling not found
r(111);

. 
. * This is how Hsiao measures years of schooling

. generate years_schooling = highest_diploma
highest_diploma not found
r(111);

. recode years_schooling (1 = 0) (2 3 4 = 6) (5 6 7 = 9) (8 9 10 11 = 12) (12 = 14) (13 = 15) (14 = 1
> 6) (15 = 18)
variable years_schooling not found
r(111);

. 
. rename years_schooling years_schooling_Hsiao
variable years_schooling not found
r(111);

. 
. recode employed (1=1) (2 3 4=0)
variable employed not found
r(111);

. recode self_employed (1 2 3 6=1) (4 5=0)
variable self_employed not found
r(111);

. replace self_employed = 0 if employed == 0
variable self_employed not found
r(111);

. replace self_employed = . if employed == . // following Hsiao
variable self_employed not found
r(111);

. 
. 
. 
. gen int dum = cond(birthyr<1962, 1900+100, birthyr) // Esther pools the birth years of those too ol
> d to be in the IV specification
unknown function ()
r(133);

. gen byte age74 = 1974 - birthyr
birthyr not found
r(111);

. gen byte old = age74 <= 17 & age74 >= 12
age74 not found
r(111);

. gen byte young = !old if (age74>=2 & age74 <= 6) | old  // young dummy missing outside of ages 2-6,
>  12-17, so will restrict samples
old not found
r(111);

. gen byte reallyold = age74 <= 24 & age74 >= 18
age74 not found
r(111);

. 
. keep if 24>=age74 & age74>=2
age74 not found
r(111);

. 
. do "/var/folders/kb/wv559ny165qcb1_q5kvcj2_r0000gn/T//SD25274.000000"

. 
.         use "RawData/susenas_`data_source'.dta", clear
file RawData/susenas_.dta not found
r(601);

end of do-file

r(601);

. do "/var/folders/kb/wv559ny165qcb1_q5kvcj2_r0000gn/T//SD25274.000000"

. 
. local data_source = "FullFour"

. 
. // foreach data_source in FullFour HarvardLibrary {
. 
.         use "RawData/susenas_`data_source'.dta", clear
file RawData/susenas_FullFour.dta not found
r(601);

end of do-file

r(601);

. clear

